<?xml version="1.0" encoding="UTF-8"?>
<testng-results ignored="0" total="1" passed="1" failed="0" skipped="0">
  <reporter-output>
  </reporter-output>
  <suite started-at="2025-09-13T20:46:50 IST" name="Default suite" finished-at="2025-09-13T20:47:30 IST" duration-ms="39172">
    <groups>
    </groups>
    <test started-at="2025-09-13T20:46:50 IST" name="Default test" finished-at="2025-09-13T20:47:30 IST" duration-ms="39172">
      <class name="com.demowebshop_TestScripts.TC_02_verifyUserIsABleToDeleteAddressOrNot">
        <test-method is-config="true" signature="beforeSuite()[pri:0, instance:com.demowebshop_TestScripts.TC_02_verifyUserIsABleToDeleteAddressOrNot@b2c9a9c]" started-at="2025-09-13T20:46:50 IST" name="beforeSuite" finished-at="2025-09-13T20:46:50 IST" duration-ms="20" status="PASS">
          <reporter-output>
          </reporter-output>
        </test-method> <!-- beforeSuite -->
        <test-method is-config="true" signature="beforeTest()[pri:0, instance:com.demowebshop_TestScripts.TC_02_verifyUserIsABleToDeleteAddressOrNot@b2c9a9c]" started-at="2025-09-13T20:46:50 IST" name="beforeTest" finished-at="2025-09-13T20:46:51 IST" duration-ms="384" status="PASS">
          <reporter-output>
          </reporter-output>
        </test-method> <!-- beforeTest -->
        <test-method is-config="true" signature="beforeClass()[pri:0, instance:com.demowebshop_TestScripts.TC_02_verifyUserIsABleToDeleteAddressOrNot@b2c9a9c]" started-at="2025-09-13T20:46:51 IST" name="beforeClass" finished-at="2025-09-13T20:46:56 IST" duration-ms="5381" status="PASS">
          <reporter-output>
          </reporter-output>
        </test-method> <!-- beforeClass -->
        <test-method is-config="true" signature="beforeMethod()[pri:0, instance:com.demowebshop_TestScripts.TC_02_verifyUserIsABleToDeleteAddressOrNot@b2c9a9c]" started-at="2025-09-13T20:46:56 IST" name="beforeMethod" finished-at="2025-09-13T20:46:58 IST" duration-ms="1854" status="PASS">
          <reporter-output>
          </reporter-output>
        </test-method> <!-- beforeMethod -->
        <test-method signature="addAddress()[pri:0, instance:com.demowebshop_TestScripts.TC_02_verifyUserIsABleToDeleteAddressOrNot@b2c9a9c]" started-at="2025-09-13T20:46:58 IST" name="addAddress" finished-at="2025-09-13T20:47:26 IST" duration-ms="27498" status="PASS">
          <reporter-output>
          </reporter-output>
        </test-method> <!-- addAddress -->
        <test-method is-config="true" signature="afterMethod()[pri:0, instance:com.demowebshop_TestScripts.TC_02_verifyUserIsABleToDeleteAddressOrNot@b2c9a9c]" started-at="2025-09-13T20:47:26 IST" name="afterMethod" finished-at="2025-09-13T20:47:27 IST" duration-ms="1160" status="PASS">
          <reporter-output>
          </reporter-output>
        </test-method> <!-- afterMethod -->
        <test-method is-config="true" signature="afterClass()[pri:0, instance:com.demowebshop_TestScripts.TC_02_verifyUserIsABleToDeleteAddressOrNot@b2c9a9c]" started-at="2025-09-13T20:47:27 IST" name="afterClass" finished-at="2025-09-13T20:47:29 IST" duration-ms="2390" status="PASS">
          <reporter-output>
          </reporter-output>
        </test-method> <!-- afterClass -->
        <test-method is-config="true" signature="afterTest()[pri:0, instance:com.demowebshop_TestScripts.TC_02_verifyUserIsABleToDeleteAddressOrNot@b2c9a9c]" started-at="2025-09-13T20:47:29 IST" name="afterTest" finished-at="2025-09-13T20:47:30 IST" duration-ms="435" status="PASS">
          <reporter-output>
          </reporter-output>
        </test-method> <!-- afterTest -->
        <test-method is-config="true" signature="afterSuite()[pri:0, instance:com.demowebshop_TestScripts.TC_02_verifyUserIsABleToDeleteAddressOrNot@b2c9a9c]" started-at="2025-09-13T20:47:30 IST" name="afterSuite" finished-at="2025-09-13T20:47:30 IST" duration-ms="0" status="PASS">
          <reporter-output>
          </reporter-output>
        </test-method> <!-- afterSuite -->
      </class> <!-- com.demowebshop_TestScripts.TC_02_verifyUserIsABleToDeleteAddressOrNot -->
    </test> <!-- Default test -->
  </suite> <!-- Default suite -->
</testng-results>
